-----BEGIN PGP PUBLIC KEY BLOCK-----

mQGNBGJN9PEBDADpyOJdmKBdGpXtrQof6f/w0d5b4TB5o+RW+YL+3kNbf27c8vsi
QA9JSgUFz1Ec2xgvaTtUe5tQFCo0OhPw3bWyoNdFkG4ZlaXdY9aTeYuY2j5EOK26
fvzzn9PuVXx7sqphSzMbUW2PxK8vKkajpAgrawDEc+lwPFNFpTVRRksIJ3165H1B
aTMFZqVlnjMEfzmA9MnLFm1QSXXGj48gmn9WDUr23yecxJhOV30RK6tVw6532bcR
Cg6st8mVNcxsuE1iEXh/coai9O6LY7grLq7G4YtLvljhAxggKtVmCZ5NHO1btqK9
LAczihjaLydHNb1N6Cu1ttKVkfe/4x+ofkMc/4AYKqhq680NH0LaRdmddLb/cP4f
pYKrgRlhOOki+YIX5b4GAQMgvx3WVIusd2Ocmt65/IZYIsS0rq0g9aCEINtIEmWr
tCZ36sbFnOSINTcyYHxr/BaCyl2B33iHHCWlu88UOwzTtLT92M+7epHJsgYsd7/e
EvmNuZDd3HMnXs8AEQEAAbQcU3RyaXBlIDxzZWN1cml0eUBzdHJpcGUuY29tPokB
1QQTAQoAPxYhBGaB18PRA9rGXXnCXt7r1X+RfIPjBQJiTfTxAhsDBQkDwmcABgsJ
CAcCAwUVCgkICwUWAwIBAAIeAQIXgAAKCRDe69V/kXyD40GRC/wMXoNwuNH22qgt
c2uMa5ItNPSTkfQu3YFjC/0MaJPZGXZoBuWwNfkTy1uAsF/YIF+pBLvX2Gk6x8DS
oe65V7Onq4FPP4xP1EVWKfttqdci1UyV8wCBX9s2uulmSNuugkFttnS4zGl7LK40
uHtYkQMFOv2qQ18XWPcajb+CzXNVdDcYuXW7+aoI8oYr/qCZiwO6bDhEA/nK50zn
k94v4qhKxF0ULtaRqI6cyooLnm9NTM2aaf0z4FZdGnjBSmSlXGzS07txngCv3TaQ
YebKDKBOKnfPaZyNCGSsd0zYF9Wku6IuGgm4uzeNzPlkhc1Wh0J9rHjwT+/Y7WiX
tZz+L4wxMhCoN/m0clWMHTWFgverdfVfCp5aWl6Q8ZM60+rGKuk5CyUjg0944IIe
bFTyuw8R9gdQq/jZsdIxTNoEUfIVG+4d4WWPo4Ur4An6lkV7oBwYy69eLvkcUspv
Za60ZXeiPaRjQSUegvOHmukhMf0jKuZLCK1ebeaYEz6CKDq5bmW5AY0EYk308QEM
AKBVFCh1IbdKIYHu5835Bd7fDwoRF1FNQnVXudEQfEslH975rcCwdjhRkugEY+In
bVjqDhGUU2oROXdtcwEVqZvemhD4jp5BOGIF+FQMbKr6y7/tbXDVm6iYwHEa/Y9e
JI3wtqTcvPmAQi6sVQNIUTwIwHVbiRCpBXN+U4BjkEm+lNRe3aJBAE0FkGuCG0Hl
XdprbOKmCsxQ0upfj5AW8WaHVETMBqGQLSmQA024wkWyD1Yi4aSBUL8wSH+2EXtK
gJv3bP7d55LAq8Ax20odVfaAohJZsJQzj3qk4ezKS6YJpgx56qJ98AgKaBQKWOVa
ZjCemJc+mNlp40mWyKtYNbDqYCNWKETB1dPbAW2HfShJ3upkk/3zMvSsI1ylsM+o
mGQUFqCoYzx6fa8oJ7r8KxXAQwP8TaWfGtDxpIT1+lf5jzTJZKH8AI549/tkAIkK
G1n1Q96iiy22tTmK40+KwqXrxVb8PoXABm0paSY24Yu/Ghzon+0/BGTBCaUyYeNt
QwARAQABiQG8BBgBCgAmFiEEZoHXw9ED2sZdecJe3uvVf5F8g+MFAmJN9PECGwwF
CQPCZwAACgkQ3uvVf5F8g+NjwAwAtHdpusgoXX7TStj378u9ZOYtd6GGQlkhPzvx
ge0Rz1SqWAa66olfMOvEKzwrWuDjR77cSyzuaeAGVpfuGhByJUqbfAAf+sI9N4xK
IBUwvAVeGsFzsPIVZ+hWQyynkp+KGcuMnoBQx8qMo/66qFIem7DVf8LHo0mYrDja
vYklqE6oX8LVPzFs2HkuQD2wYpmSPDFbTgxuXl01hasFvnr6dGnvLgCpV+wdUPAC
8kTL7xdEJoZz1OUi7PB5FIswc2A5+DEvPgEdb74NSTgGDNqh+rB9rrfSbWF/+QuK
DKr3qbt7zH2iKGfAxyUMFXPkV/qOez+T8X6HXIcBheURO6XZ7KfR4zjWG4xBYI9W
bfahRLcAy+OYhebYJGC3Hl3ao+gXTzEujBmAa1xWgMsLhgXd490gacyUiqwCg3J0
eYNEc4CRLWj61Ip1ajqzUR52L69eamnMyKSkOUY+PngUYE9KOPln1ZCr8LoFixop
pC5TpQB7+6wYYHowbmyNZLUxFnDN
=hFev
-----END PGP PUBLIC KEY BLOCK-----
